#-----------------------------------------------------------
# xsim v2022.1 (64-bit)
# SW Build 3526262 on Mon Apr 18 15:47:01 MDT 2022
# IP Build 3524634 on Mon Apr 18 20:55:01 MDT 2022
# Start of session at: Mon Jan  8 02:10:00 2024
# Process ID: 142601
# Current directory: /home/ubuntu/dspic_final_submit/dsp_final/fir
# Command line: xsim -mode tcl -source {xsim.dir/fir_trans_tb_elab/xsim_script.tcl}
# Log file: /home/ubuntu/dspic_final_submit/dsp_final/fir/xsim.log
# Journal file: /home/ubuntu/dspic_final_submit/dsp_final/fir/xsim.jou
# Running On: ubuntu2004, OS: Linux, CPU Frequency: 2112.004 MHz, CPU Physical cores: 6, Host memory: 12802 MB
#-----------------------------------------------------------
source xsim.dir/fir_trans_tb_elab/xsim_script.tcl
# xsim {fir_trans_tb_elab} -autoloadwcfg -runall
Time resolution is 1 ps
run -all
[PASS][Pattern] -106= -106
[PASS][Pattern] -962= -962
[PASS][Pattern]-2128=-2128
[PASS][Pattern] 1121= 1121
[PASS][Pattern] 6041= 6041
[PASS][Pattern] 1403= 1403
[PASS][Pattern]-7991=-7991
[PASS][Pattern]-7171=-7171
[PASS][Pattern] 9616= 9616
[PASS][Pattern]15213=15213
[PASS][Pattern]-6720=-6720
[PASS][Pattern]-24758=-24758
[PASS][Pattern]-2925=-2925
[PASS][Pattern]37312=37312
[PASS][Pattern]22507=22507
[PASS][Pattern]-51141=-51141
[PASS][Pattern]-63824=-63824
[PASS][Pattern]76193=76193
[PASS][Pattern]268415=268415
[PASS][Pattern]286073=286073
[PASS][Pattern]47882=47882
[PASS][Pattern]-244827=-244827
[PASS][Pattern]-329226=-329226
[PASS][Pattern]-182090=-182090
[PASS][Pattern]-8263=-8263
[PASS][Pattern]31573=31573
[PASS][Pattern]-26888=-26888
[PASS][Pattern]-77530=-77530
[PASS][Pattern]-96118=-96118
[PASS][Pattern]-109322=-109322
[PASS][Pattern]-101215=-101215
[PASS][Pattern]-24486=-24486
[PASS][Pattern]103513=103513
[PASS][Pattern]190344=190344
[PASS][Pattern]155706=155706
[PASS][Pattern]-1112=-1112
[PASS][Pattern]-196199=-196199
[PASS][Pattern]-298796=-298796
[PASS][Pattern]-211948=-211948
[PASS][Pattern]33623=33623
[PASS][Pattern]271631=271631
[PASS][Pattern]331468=331468
[PASS][Pattern]199006=199006
[PASS][Pattern]10805=10805
[PASS][Pattern]-68025=-68025
[PASS][Pattern]19026=19026
[PASS][Pattern]214683=214683
[PASS][Pattern]401893=401893
[PASS][Pattern]461807=461807
[PASS][Pattern]355224=355224
[PASS][Pattern]139129=139129
[PASS][Pattern]-67491=-67491
[PASS][Pattern]-160598=-160598
[PASS][Pattern]-121771=-121771
[PASS][Pattern]-7045=-7045
[PASS][Pattern]91464=91464
[PASS][Pattern]93950=93950
[PASS][Pattern]-16659=-16659
[PASS][Pattern]-183123=-183123
[PASS][Pattern]-308007=-308007
[PASS][Pattern]-327404=-327404
[PASS][Pattern]-251762=-251762
[PASS][Pattern]-131522=-131522
[PASS][Pattern]-21749=-21749
[PASS][Pattern]15037=15037
[PASS][Pattern]-70139=-70139
[PASS][Pattern]-245497=-245497
[PASS][Pattern]-381515=-381515
[PASS][Pattern]-386749=-386749
[PASS][Pattern]-313295=-313295
[PASS][Pattern]-275546=-275546
[PASS][Pattern]-280990=-280990
[PASS][Pattern]-215691=-215691
[PASS][Pattern]-40430=-40430
[PASS][Pattern]116420=116420
[PASS][Pattern]119952=119952
[PASS][Pattern]33245=33245
[PASS][Pattern]31004=31004
[PASS][Pattern]156558=156558
[PASS][Pattern]238445=238445
[PASS][Pattern]115224=115224
[PASS][Pattern]-159531=-159531
[PASS][Pattern]-358309=-358309
[PASS][Pattern]-314144=-314144
[PASS][Pattern]-52265=-52265
[PASS][Pattern]260853=260853
[PASS][Pattern]429796=429796
[PASS][Pattern]330567=330567
[PASS][Pattern] 1161= 1161
[PASS][Pattern]-335386=-335386
[PASS][Pattern]-429247=-429247
[PASS][Pattern]-242372=-242372
[PASS][Pattern]11731=11731
[PASS][Pattern]124021=124021
[PASS][Pattern]106383=106383
[PASS][Pattern]101015=101015
[PASS][Pattern]135705=135705
[PASS][Pattern]104844=104844
[PASS][Pattern]-6826=-6826
[PASS][Pattern]-57511=-57511
[PASS][Pattern]47250=47250
[PASS][Pattern]178866=178866
[PASS][Pattern]129874=129874
[PASS][Pattern]-95898=-95898
[PASS][Pattern]-255388=-255388
[PASS][Pattern]-172417=-172417
[PASS][Pattern]19925=19925
[PASS][Pattern]45731=45731
[PASS][Pattern]-150800=-150800
[PASS][Pattern]-324534=-324534
[PASS][Pattern]-225137=-225137
[PASS][Pattern]91416=91416
[PASS][Pattern]337781=337781
[PASS][Pattern]320119=320119
[PASS][Pattern]156678=156678
[PASS][Pattern]95619=95619
[PASS][Pattern]214296=214296
[PASS][Pattern]341555=341555
[PASS][Pattern]293528=293528
[PASS][Pattern]118659=118659
[PASS][Pattern]37554=37554
[PASS][Pattern]144721=144721
[PASS][Pattern]275483=275483
[PASS][Pattern]206475=206475
[PASS][Pattern]-76536=-76536
[PASS][Pattern]-352381=-352381
[PASS][Pattern]-402986=-402986
[PASS][Pattern]-231202=-231202
[PASS][Pattern]-17207=-17207
[PASS][Pattern]94465=94465
[PASS][Pattern]106822=106822
[PASS][Pattern]95071=95071
[PASS][Pattern]101081=101081
[PASS][Pattern]103887=103887
[PASS][Pattern]69521=69521
[PASS][Pattern]-18031=-18031
[PASS][Pattern]-133529=-133529
[PASS][Pattern]-203456=-203456
[PASS][Pattern]-153974=-153974
[PASS][Pattern] 4931= 4931
[PASS][Pattern]148447=148447
[PASS][Pattern]140321=140321
[PASS][Pattern]-1095=-1095
[PASS][Pattern]-98547=-98547
[PASS][Pattern]-35431=-35431
[PASS][Pattern]96633=96633
[PASS][Pattern]115812=115812
[PASS][Pattern]12092=12092
[PASS][Pattern]-13159=-13159
[PASS][Pattern]175914=175914
[PASS][Pattern]432063=432063
[PASS][Pattern]484175=484175
[PASS][Pattern]285465=285465
[PASS][Pattern]96788=96788
[PASS][Pattern]148730=148730
[PASS][Pattern]345810=345810
[PASS][Pattern]378877=378877
[PASS][Pattern]131792=131792
[PASS][Pattern]-153899=-153899
[PASS][Pattern]-193429=-193429
[PASS][Pattern]-20337=-20337
[PASS][Pattern]83169=83169
[PASS][Pattern]-32936=-32936
[PASS][Pattern]-234087=-234087
[PASS][Pattern]-302549=-302549
[PASS][Pattern]-193275=-193275
[PASS][Pattern]-38118=-38118
[PASS][Pattern]26371=26371
[PASS][Pattern]-6416=-6416
[PASS][Pattern]-48304=-48304
[PASS][Pattern]-20586=-20586
[PASS][Pattern]56570=56570
[PASS][Pattern]72935=72935
[PASS][Pattern]-55224=-55224
[PASS][Pattern]-262532=-262532
[PASS][Pattern]-357307=-357307
[PASS][Pattern]-220493=-220493
[PASS][Pattern]53961=53961
[PASS][Pattern]258199=258199
[PASS][Pattern]292229=292229
[PASS][Pattern]244962=244962
[PASS][Pattern]264204=264204
[PASS][Pattern]365148=365148
[PASS][Pattern]430073=430073
[PASS][Pattern]368781=368781
[PASS][Pattern]235337=235337
[PASS][Pattern]154975=154975
[PASS][Pattern]174798=174798
[PASS][Pattern]210826=210826
[PASS][Pattern]160000=160000
[PASS][Pattern]17699=17699
[PASS][Pattern]-124733=-124733
[PASS][Pattern]-191396=-191396
[PASS][Pattern]-168650=-168650
[PASS][Pattern]-83763=-83763
[PASS][Pattern]24334=24334
[PASS][Pattern]107275=107275
[PASS][Pattern]120420=120420
[PASS][Pattern]45699=45699
[PASS][Pattern]-95835=-95835
[PASS][Pattern]-235328=-235328
[PASS][Pattern]-273609=-273609
[PASS][Pattern]-138774=-138774
[PASS][Pattern]128881=128881
[PASS][Pattern]365864=365864
[PASS][Pattern]386329=386329
[PASS][Pattern]178372=178372
[PASS][Pattern]-58306=-58306
[PASS][Pattern]-107289=-107289
[PASS][Pattern]35834=35834
[PASS][Pattern]153602=153602
[PASS][Pattern]42675=42675
[PASS][Pattern]-256584=-256584
[PASS][Pattern]-491968=-491968
[PASS][Pattern]-459202=-459202
[PASS][Pattern]-202971=-202971
[PASS][Pattern]28523=28523
[PASS][Pattern]47089=47089
[PASS][Pattern]-92539=-92539
[PASS][Pattern]-170247=-170247
[PASS][Pattern]-44711=-44711
[PASS][Pattern]180275=180275
[PASS][Pattern]255378=255378
[PASS][Pattern]67923=67923
[PASS][Pattern]-211026=-211026
[PASS][Pattern]-291568=-291568
[PASS][Pattern]-81821=-81821
[PASS][Pattern]200373=200373
[PASS][Pattern]277076=277076
[PASS][Pattern]134708=134708
[PASS][Pattern]-2969=-2969
[PASS][Pattern]10356=10356
[PASS][Pattern]71198=71198
[PASS][Pattern]37218=37218
[PASS][Pattern]-30046=-30046
[PASS][Pattern]12182=12182
[PASS][Pattern]103382=103382
[PASS][Pattern]32997=32997
[PASS][Pattern]-218276=-218276
[PASS][Pattern]-374403=-374403
[PASS][Pattern]-205069=-205069
[PASS][Pattern]142512=142512
[PASS][Pattern]332372=332372
[PASS][Pattern]262523=262523
[PASS][Pattern]112900=112900
[PASS][Pattern]34630=34630
[PASS][Pattern]-27054=-27054
[PASS][Pattern]-141346=-141346
[PASS][Pattern]-209015=-209015
[PASS][Pattern]-110111=-110111
[PASS][Pattern]77389=77389
[PASS][Pattern]141356=141356
[PASS][Pattern]-7902=-7902
[PASS][Pattern]-222853=-222853
[PASS][Pattern]-291900=-291900
[PASS][Pattern]-170896=-170896
[PASS][Pattern] 8064= 8064
[PASS][Pattern]103582=103582
[PASS][Pattern]106310=106310
[PASS][Pattern]136095=136095
[PASS][Pattern]278726=278726
[PASS][Pattern]453712=453712
[PASS][Pattern]471918=471918
[PASS][Pattern]258353=258353
[PASS][Pattern]-31421=-31421
[PASS][Pattern]-168618=-168618
[PASS][Pattern]-108014=-108014
[PASS][Pattern]  274=  274
[PASS][Pattern]38768=38768
[PASS][Pattern]52502=52502
[PASS][Pattern]119626=119626
[PASS][Pattern]205856=205856
[PASS][Pattern]201329=201329
[PASS][Pattern]88007=88007
[PASS][Pattern]-59513=-59513
[PASS][Pattern]-197179=-197179
[PASS][Pattern]-328339=-328339
[PASS][Pattern]-413451=-413451
[PASS][Pattern]-345897=-345897
[PASS][Pattern]-122823=-122823
[PASS][Pattern]59467=59467
[PASS][Pattern] 6337= 6337
[PASS][Pattern]-205223=-205223
[PASS][Pattern]-296895=-296895
[PASS][Pattern]-138012=-138012
[PASS][Pattern]106768=106768
[PASS][Pattern]230282=230282
[PASS][Pattern]226434=226434
[PASS][Pattern]225200=225200
[PASS][Pattern]265026=265026
[PASS][Pattern]257428=257428
[PASS][Pattern]148387=148387
[PASS][Pattern] 9291= 9291
[PASS][Pattern]-63734=-63734
[PASS][Pattern]-58972=-58972
[PASS][Pattern]-14003=-14003
[PASS][Pattern]30203=30203
[PASS][Pattern]20600=20600
[PASS][Pattern]-103909=-103909
[PASS][Pattern]-325439=-325439
[PASS][Pattern]-506658=-506658
[PASS][Pattern]-477711=-477711
[PASS][Pattern]-213179=-213179
[PASS][Pattern]126075=126075
[PASS][Pattern]316178=316178
[PASS][Pattern]236321=236321
[PASS][Pattern]-51228=-51228
[PASS][Pattern]-324275=-324275
[PASS][Pattern]-364151=-364151
[PASS][Pattern]-153393=-153393
[PASS][Pattern]94038=94038
[PASS][Pattern]167697=167697
[PASS][Pattern]108173=108173
[PASS][Pattern]110624=110624
[PASS][Pattern]225987=225987
[PASS][Pattern]259818=259818
[PASS][Pattern]75720=75720
[PASS][Pattern]-151204=-151204
[PASS][Pattern]-120333=-120333
[PASS][Pattern]168800=168800
[PASS][Pattern]378315=378315
[PASS][Pattern]274749=274749
[PASS][Pattern]33806=33806
[PASS][Pattern]-30841=-30841
[PASS][Pattern]78167=78167
[PASS][Pattern]57495=57495
[PASS][Pattern]-219565=-219565
[PASS][Pattern]-460521=-460521
[PASS][Pattern]-334363=-334363
[PASS][Pattern]61045=61045
[PASS][Pattern]310353=310353
[PASS][Pattern]219694=219694
[PASS][Pattern]  580=  580
[PASS][Pattern]-81492=-81492
[PASS][Pattern]-42521=-42521
[PASS][Pattern]-54812=-54812
[PASS][Pattern]-132547=-132547
[PASS][Pattern]-134287=-134287
[PASS][Pattern]-49511=-49511
[PASS][Pattern]-52837=-52837
[PASS][Pattern]-226484=-226484
[PASS][Pattern]-378331=-378331
[PASS][Pattern]-273169=-273169
[PASS][Pattern]34563=34563
[PASS][Pattern]254473=254473
[PASS][Pattern]230584=230584
[PASS][Pattern]118876=118876
[PASS][Pattern]140939=140939
[PASS][Pattern]270668=270668
[PASS][Pattern]301568=301568
[PASS][Pattern]174137=174137
[PASS][Pattern]56202=56202
[PASS][Pattern]91790=91790
[PASS][Pattern]207093=207093
[PASS][Pattern]258216=258216
[PASS][Pattern]225138=225138
[PASS][Pattern]171530=171530
[PASS][Pattern]121489=121489
[PASS][Pattern]80800=80800
[PASS][Pattern]117877=117877
[PASS][Pattern]264671=264671
[PASS][Pattern]361031=361031
[PASS][Pattern]201445=201445
[PASS][Pattern]-138587=-138587
[PASS][Pattern]-302066=-302066
[PASS][Pattern]-81785=-81785
[PASS][Pattern]298994=298994
[PASS][Pattern]464382=464382
[PASS][Pattern]336062=336062
[PASS][Pattern]170317=170317
[PASS][Pattern]160635=160635
[PASS][Pattern]205137=205137
[PASS][Pattern]113776=113776
[PASS][Pattern]-93845=-93845
[PASS][Pattern]-223287=-223287
[PASS][Pattern]-178578=-178578
[PASS][Pattern]-59204=-59204
[PASS][Pattern]-16323=-16323
[PASS][Pattern]-73189=-73189
[PASS][Pattern]-131358=-131358
[PASS][Pattern]-98286=-98286
[PASS][Pattern]24068=24068
[PASS][Pattern]158184=158184
[PASS][Pattern]235568=235568
[PASS][Pattern]246258=246258
[PASS][Pattern]212117=212117
[PASS][Pattern]132181=132181
[PASS][Pattern]-3424=-3424
[PASS][Pattern]-127272=-127272
[PASS][Pattern]-125578=-125578
[PASS][Pattern]17349=17349
[PASS][Pattern]152621=152621
[PASS][Pattern]129040=129040
[PASS][Pattern]-14015=-14015
[PASS][Pattern]-90540=-90540
[PASS][Pattern]-7146=-7146
[PASS][Pattern]147307=147307
[PASS][Pattern]245976=245976
[PASS][Pattern]252250=252250
[PASS][Pattern]186761=186761
[PASS][Pattern]59828=59828
[PASS][Pattern]-86900=-86900
[PASS][Pattern]-129292=-129292
[PASS][Pattern]22351=22351
[PASS][Pattern]273393=273393
[PASS][Pattern]422941=422941
[PASS][Pattern]386338=386338
[PASS][Pattern]291356=291356
[PASS][Pattern]285761=285761
[PASS][Pattern]327866=327866
[PASS][Pattern]272826=272826
[PASS][Pattern]87039=87039
[PASS][Pattern]-85720=-85720
[PASS][Pattern]-130338=-130338
[PASS][Pattern]-77989=-77989
[PASS][Pattern]-23254=-23254
[PASS][Pattern] 5919= 5919
[PASS][Pattern]27225=27225
[PASS][Pattern]15980=15980
[PASS][Pattern]-76417=-76417
[PASS][Pattern]-210741=-210741
[PASS][Pattern]-283857=-283857
[PASS][Pattern]-256788=-256788
[PASS][Pattern]-182252=-182252
[PASS][Pattern]-90079=-90079
[PASS][Pattern]31633=31633
[PASS][Pattern]146898=146898
[PASS][Pattern]162486=162486
[PASS][Pattern]78936=78936
[PASS][Pattern]30532=30532
[PASS][Pattern]118085=118085
[PASS][Pattern]251400=251400
[PASS][Pattern]265814=265814
[PASS][Pattern]149531=149531
[PASS][Pattern]26572=26572
[PASS][Pattern]-39627=-39627
[PASS][Pattern]-117057=-117057
[PASS][Pattern]-242814=-242814
[PASS][Pattern]-315958=-315958
[PASS][Pattern]-254241=-254241
[PASS][Pattern]-131705=-131705
[PASS][Pattern]-75057=-75057
[PASS][Pattern]-83345=-83345
[PASS][Pattern]-66495=-66495
[PASS][Pattern]-44364=-44364
[PASS][Pattern]-146870=-146870
[PASS][Pattern]-341475=-341475
[PASS][Pattern]-378179=-378179
[PASS][Pattern]-103378=-103378
[PASS][Pattern]264611=264611
[PASS][Pattern]346300=346300
[PASS][Pattern]56241=56241
[PASS][Pattern]-269173=-269173
[PASS][Pattern]-276163=-276163
[PASS][Pattern] 1667= 1667
[PASS][Pattern]229629=229629
[PASS][Pattern]198972=198972
[PASS][Pattern]26305=26305
[PASS][Pattern]-68861=-68861
[PASS][Pattern]-36891=-36891
[PASS][Pattern] 3339= 3339
[PASS][Pattern]-31027=-31027
[PASS][Pattern]-78153=-78153
[PASS][Pattern]-38203=-38203
[PASS][Pattern]84067=84067
[PASS][Pattern]166058=166058
[PASS][Pattern]102794=102794
[PASS][Pattern]-59115=-59115
[PASS][Pattern]-150032=-150032
[PASS][Pattern]-54199=-54199
[PASS][Pattern]142999=142999
[PASS][Pattern]217082=217082
[PASS][Pattern]72635=72635
[PASS][Pattern]-119258=-119258
[PASS][Pattern]-118536=-118536
[PASS][Pattern]70980=70980
[PASS][Pattern]221701=221701
[PASS][Pattern]190303=190303
[PASS][Pattern]93565=93565
[PASS][Pattern]102184=102184
[PASS][Pattern]178340=178340
[PASS][Pattern]128381=128381
[PASS][Pattern]-102737=-102737
[PASS][Pattern]-342649=-342649
[PASS][Pattern]-392701=-392701
[PASS][Pattern]-242224=-242224
[PASS][Pattern]-41592=-41592
[PASS][Pattern]78588=78588
[PASS][Pattern]126470=126470
[PASS][Pattern]185370=185370
[PASS][Pattern]283051=283051
[PASS][Pattern]344776=344776
[PASS][Pattern]266991=266991
[PASS][Pattern]65030=65030
[PASS][Pattern]-108121=-108121
[PASS][Pattern]-95683=-95683
[PASS][Pattern]84093=84093
[PASS][Pattern]236899=236899
[PASS][Pattern]189681=189681
[PASS][Pattern]-29135=-29135
All answers match golden
$finish called at time : 5200 ns : File "/home/ubuntu/dspic_final_submit/dsp_final/fir/tb/fir_trans_tb.v" Line 71
exit
INFO: [Common 17-206] Exiting xsim at Mon Jan  8 02:10:03 2024...
